Info: Start Nativelink Simulation process

========= EDA Simulation Settings =====================

Sim Mode              :  Gate
Family                :  cycloneii
Quartus root          :  c:/altera/13.0sp1/quartus/bin64/
Quartus sim root      :  c:/altera/13.0sp1/quartus/eda/sim_lib
Simulation Tool       :  modelsim-altera
Simulation Language   :  vhdl
Version               :  93
Simulation Mode       :  GUI
Sim Output File       :  contador_sincrono.vho
Sim SDF file          :  contador_sincrono__vhdl.sdo
Sim dir               :  simulation\modelsim

=======================================================

Info: Starting NativeLink simulation with ModelSim-Altera software
Sourced NativeLink script c:/altera/13.0sp1/quartus/common/tcl/internal/nativelink/modelsim.tcl
Warning: File contador_sincrono_run_msim_gate_vhdl.do already exists - backing up current file as contador_sincrono_run_msim_gate_vhdl.do.bak11
Probing transcript
ModelSim-Altera Info: # Reading C:/altera/13.0sp1/modelsim_ase/tcl/vsim/pref.tcl 
ModelSim-Altera Info: # do contador_sincrono_run_msim_gate_vhdl.do 
ModelSim-Altera Info: # if {[file exists gate_work]} {
ModelSim-Altera Info: # 	vdel -lib gate_work -all
ModelSim-Altera Info: # }
ModelSim-Altera Info: # vlib gate_work
ModelSim-Altera Info: # vmap work gate_work
ModelSim-Altera Info: # Copying C:\altera\13.0sp1\modelsim_ase\win32aloem/../modelsim.ini to modelsim.ini
ModelSim-Altera Info: # Modifying modelsim.ini
ModelSim-Altera Warning: # ** Warning: Copied C:\altera\13.0sp1\modelsim_ase\win32aloem/../modelsim.ini to modelsim.ini.
ModelSim-Altera Info: #          Updated modelsim.ini.
ModelSim-Altera Info: # 
ModelSim-Altera Info: # vcom -93 -work work {contador_sincrono.vho}
ModelSim-Altera Info: # Model Technology ModelSim ALTERA vcom 10.1d Compiler 2012.11 Nov  2 2012
ModelSim-Altera Info: # -- Loading package STANDARD
ModelSim-Altera Info: # -- Loading package TEXTIO
ModelSim-Altera Info: # -- Loading package std_logic_1164
ModelSim-Altera Info: # -- Loading package VITAL_Timing
ModelSim-Altera Info: # -- Loading package VITAL_Primitives
ModelSim-Altera Info: # -- Loading package cycloneii_atom_pack
ModelSim-Altera Info: # -- Loading package cycloneii_components
ModelSim-Altera Info: # -- Compiling entity contador_sincrono
ModelSim-Altera Info: # -- Compiling architecture structure of contador_sincrono
ModelSim-Altera Info: # 
ModelSim-Altera Info: # vcom -93 -work work {C:/xampp/htdocs/projects/VHDL/contador_sincrono/contador_sincrono_simple_tb.vhd}
ModelSim-Altera Info: # Model Technology ModelSim ALTERA vcom 10.1d Compiler 2012.11 Nov  2 2012
ModelSim-Altera Info: # -- Loading package STANDARD
ModelSim-Altera Info: # -- Loading package TEXTIO
ModelSim-Altera Info: # -- Loading package std_logic_1164
ModelSim-Altera Info: # -- Loading package NUMERIC_STD
ModelSim-Altera Info: # -- Compiling entity contador_sincrono_simple_tb
ModelSim-Altera Info: # -- Compiling architecture arch of contador_sincrono_simple_tb
ModelSim-Altera Info: # -- Loading package VITAL_Timing
ModelSim-Altera Info: # -- Loading package VITAL_Primitives
ModelSim-Altera Info: # -- Loading package cycloneii_atom_pack
ModelSim-Altera Info: # -- Loading package cycloneii_components
ModelSim-Altera Info: # -- Loading entity contador_sincrono
ModelSim-Altera Info: # 
ModelSim-Altera Info: # vsim -t 1ps +transport_int_delays +transport_path_delays -sdftyp /U_contador_sincrono=contador_sincrono_vhd.sdo -L cycloneii -L gate_work -L work -voptargs="+acc"  contador_sincrono_simple_tb
ModelSim-Altera Info: # vsim +transport_int_delays +transport_path_delays -L cycloneii -L gate_work -L work -voptargs=\"+acc\" -sdftyp /U_contador_sincrono=contador_sincrono_vhd.sdo -t 1ps contador_sincrono_simple_tb 
ModelSim-Altera Info: # Loading std.standard
ModelSim-Altera Info: # Loading std.textio(body)
ModelSim-Altera Info: # Loading ieee.std_logic_1164(body)
ModelSim-Altera Info: # Loading ieee.numeric_std(body)
ModelSim-Altera Info: # Loading ieee.vital_timing(body)
ModelSim-Altera Info: # Loading ieee.vital_primitives(body)
ModelSim-Altera Info: # Loading cycloneii.cycloneii_atom_pack(body)
ModelSim-Altera Info: # Loading cycloneii.cycloneii_components
ModelSim-Altera Info: # Loading work.contador_sincrono_simple_tb(arch)
ModelSim-Altera Info: # SDF 10.1d Compiler 2012.11 Nov  2 2012
ModelSim-Altera Info: # 
ModelSim-Altera Info: # Loading work.contador_sincrono(structure)
ModelSim-Altera Info: # Loading ieee.std_logic_arith(body)
ModelSim-Altera Info: # Loading cycloneii.cycloneii_io(structure)
ModelSim-Altera Info: # Loading cycloneii.cycloneii_mux21(altvital)
ModelSim-Altera Info: # Loading cycloneii.cycloneii_dffe(behave)
ModelSim-Altera Info: # Loading cycloneii.cycloneii_asynch_io(behave)
ModelSim-Altera Info: # Loading cycloneii.cycloneii_lcell_comb(vital_lcell_comb)
ModelSim-Altera Info: # Loading cycloneii.cycloneii_lcell_ff(vital_lcell_ff)
ModelSim-Altera Info: # Loading cycloneii.cycloneii_and1(altvital)
ModelSim-Altera Info: # Loading instances from contador_sincrono_vhd.sdo
ModelSim-Altera Info: # Loading timing data from contador_sincrono_vhd.sdo
ModelSim-Altera Info: # ** Note: (vsim-3587) SDF Backannotation Successfully Completed.
ModelSim-Altera Info: #    Time: 0 ps  Iteration: 0  Instance: /contador_sincrono_simple_tb File: C:/xampp/htdocs/projects/VHDL/contador_sincrono/contador_sincrono_simple_tb.vhd
ModelSim-Altera Info: # 
ModelSim-Altera Info: # add wave *
ModelSim-Altera Info: # view structure
ModelSim-Altera Info: # .main_pane.structure.interior.cs.body.struct
ModelSim-Altera Info: # view signals
ModelSim-Altera Info: # .main_pane.objects.interior.cs.body.tree
ModelSim-Altera Info: # run 1000 ns
Info: NativeLink simulation flow was successful
